<?xml version="1.0" encoding="UTF-8" standalone="no"?>
<testsuite failures="0" name="cucumber.runtime.formatter.JUnitFormatter" skipped="0" tests="1" time="19.387989">
<testcase classname="Guru99 Functions" name="Valid Login" time="19.387989">
<system-out><![CDATA[Given User is on home page..................................................passed
When Title of the page matches..............................................passed
Then User enters the credentials "mngr26593" and "1!".......................passed
And User clicks on Submit button............................................passed
Then User verifies Profile ID...............................................passed
Then User clicks log out....................................................passed
]]></system-out>
</testcase>
</testsuite>
